[ 2015-10-24T10:08:38+08:00 ] ::1 /microweb/index.php/admin.php
INFO: [ app_init ] --START--
INFO: Run Behavior\BuildLiteBehavior [ RunTime:0.000030s ]
INFO: [ app_init ] --END-- [ RunTime:0.000514s ]
INFO: [ app_begin ] --START--
INFO: Run Behavior\ReadHtmlCacheBehavior [ RunTime:0.000874s ]
INFO: [ app_begin ] --END-- [ RunTime:0.001022s ]
SQL: SHOW COLUMNS FROM `node_info` [ RunTime:0.0056s ]
SQL: SHOW COLUMNS FROM `node_info` [ RunTime:0.0042s ]
SQL: SELECT * FROM `node_info` WHERE `status` = 0 AND `depth` = 1 ORDER BY sort  [ RunTime:0.0005s ]
SQL: SHOW COLUMNS FROM `node_info` [ RunTime:0.0037s ]
SQL: SELECT * FROM `node_info` WHERE `depth` > 1 AND LEFT(id,2) = '01' AND `status` = 0  [ RunTime:0.0004s ]
NOTIC: [8] Undefined variable: arr D:\wamp\www\microweb\Application\Admin\Controller\BaseController.class.php 第 64 行.
SQL: SHOW COLUMNS FROM `admin_info` [ RunTime:0.0050s ]
SQL: SELECT COUNT(*) AS tp_count FROM `admin_info` WHERE ( status=0 ) LIMIT 1   [ RunTime:0.0004s ]
SQL: SHOW COLUMNS FROM `user_info` [ RunTime:0.0046s ]
SQL: SELECT COUNT(*) AS tp_count FROM `user_info` WHERE ( status=0 ) LIMIT 1   [ RunTime:0.0004s ]
SQL: SHOW COLUMNS FROM `site_info` [ RunTime:0.0043s ]
SQL: SELECT COUNT(*) AS tp_count FROM `site_info` WHERE ( status=0 ) LIMIT 1   [ RunTime:0.0004s ]
SQL: SHOW COLUMNS FROM `article` [ RunTime:0.0040s ]
SQL: SELECT COUNT(*) AS tp_count FROM `article` WHERE ( status=0 ) LIMIT 1   [ RunTime:0.0003s ]
SQL: SHOW COLUMNS FROM `controller` [ RunTime:0.0041s ]
SQL: SELECT COUNT(*) AS tp_count FROM `controller` WHERE ( status=0 ) LIMIT 1   [ RunTime:0.0004s ]
INFO: [ view_parse ] --START--
INFO: [ template_filter ] --START--
INFO: Run Behavior\ContentReplaceBehavior [ RunTime:0.000252s ]
INFO: [ template_filter ] --END-- [ RunTime:0.000392s ]
NOTIC: [8] Use of undefined constant ONETHINK_VERSION - assumed 'ONETHINK_VERSION' D:\wamp\www\microweb\Application\Runtime\Cache\Admin\b595b808c2ebeeeb0478ffc30bb4e87a.php 第 234 行.
INFO: Run Behavior\ParseTemplateBehavior [ RunTime:0.031186s ]
INFO: [ view_parse ] --END-- [ RunTime:0.031339s ]
INFO: [ view_filter ] --START--
INFO: Run Behavior\WriteHtmlCacheBehavior [ RunTime:0.000811s ]
INFO: [ view_filter ] --END-- [ RunTime:0.000950s ]
INFO: [ app_end ] --START--
INFO: Run Behavior\ShowPageTraceBehavior [ RunTime:0.001084s ]
INFO: [ app_end ] --END-- [ RunTime:0.001314s ]

[ 2015-10-24T10:08:48+08:00 ] ::1 /microweb/index.php/admin
INFO: [ app_init ] --START--
INFO: Run Behavior\BuildLiteBehavior [ RunTime:0.000028s ]
INFO: [ app_init ] --END-- [ RunTime:0.000521s ]
INFO: [ app_begin ] --START--
INFO: Run Behavior\ReadHtmlCacheBehavior [ RunTime:0.000582s ]
INFO: [ app_begin ] --END-- [ RunTime:0.000720s ]
SQL: SHOW COLUMNS FROM `node_info` [ RunTime:0.0039s ]
SQL: SHOW COLUMNS FROM `node_info` [ RunTime:0.0041s ]
SQL: SELECT * FROM `node_info` WHERE `status` = 0 AND `depth` = 1 ORDER BY sort  [ RunTime:0.0006s ]
SQL: SHOW COLUMNS FROM `node_info` [ RunTime:0.0052s ]
SQL: SELECT * FROM `node_info` WHERE `depth` > 1 AND LEFT(id,2) = '01' AND `status` = 0  [ RunTime:0.0005s ]
NOTIC: [8] Undefined variable: arr D:\wamp\www\microweb\Application\Admin\Controller\BaseController.class.php 第 64 行.
SQL: SHOW COLUMNS FROM `admin_info` [ RunTime:0.0052s ]
SQL: SELECT COUNT(*) AS tp_count FROM `admin_info` WHERE ( status=0 ) LIMIT 1   [ RunTime:0.0004s ]
SQL: SHOW COLUMNS FROM `user_info` [ RunTime:0.0039s ]
SQL: SELECT COUNT(*) AS tp_count FROM `user_info` WHERE ( status=0 ) LIMIT 1   [ RunTime:0.0003s ]
SQL: SHOW COLUMNS FROM `site_info` [ RunTime:0.0042s ]
SQL: SELECT COUNT(*) AS tp_count FROM `site_info` WHERE ( status=0 ) LIMIT 1   [ RunTime:0.0003s ]
SQL: SHOW COLUMNS FROM `article` [ RunTime:0.0043s ]
SQL: SELECT COUNT(*) AS tp_count FROM `article` WHERE ( status=0 ) LIMIT 1   [ RunTime:0.0003s ]
SQL: SHOW COLUMNS FROM `controller` [ RunTime:0.0050s ]
SQL: SELECT COUNT(*) AS tp_count FROM `controller` WHERE ( status=0 ) LIMIT 1   [ RunTime:0.0004s ]
INFO: [ view_parse ] --START--
INFO: [ template_filter ] --START--
INFO: Run Behavior\ContentReplaceBehavior [ RunTime:0.000255s ]
INFO: [ template_filter ] --END-- [ RunTime:0.000402s ]
NOTIC: [8] Use of undefined constant ONETHINK_VERSION - assumed 'ONETHINK_VERSION' D:\wamp\www\microweb\Application\Runtime\Cache\Admin\b595b808c2ebeeeb0478ffc30bb4e87a.php 第 234 行.
INFO: Run Behavior\ParseTemplateBehavior [ RunTime:0.021504s ]
INFO: [ view_parse ] --END-- [ RunTime:0.021640s ]
INFO: [ view_filter ] --START--
INFO: Run Behavior\WriteHtmlCacheBehavior [ RunTime:0.000557s ]
INFO: [ view_filter ] --END-- [ RunTime:0.000674s ]
INFO: [ app_end ] --START--
INFO: Run Behavior\ShowPageTraceBehavior [ RunTime:0.000897s ]
INFO: [ app_end ] --END-- [ RunTime:0.001098s ]

[ 2015-10-24T10:09:07+08:00 ] ::1 /microweb/index.php/admin
INFO: [ app_init ] --START--
INFO: Run Behavior\BuildLiteBehavior [ RunTime:0.000058s ]
INFO: [ app_init ] --END-- [ RunTime:0.000953s ]
INFO: [ app_begin ] --START--
INFO: Run Behavior\ReadHtmlCacheBehavior [ RunTime:0.000810s ]
INFO: [ app_begin ] --END-- [ RunTime:0.000974s ]
SQL: SHOW COLUMNS FROM `node_info` [ RunTime:0.0042s ]
SQL: SHOW COLUMNS FROM `node_info` [ RunTime:0.0052s ]
SQL: SELECT * FROM `node_info` WHERE `status` = 0 AND `depth` = 1 ORDER BY sort  [ RunTime:0.0005s ]
SQL: SHOW COLUMNS FROM `node_info` [ RunTime:0.0047s ]
SQL: SELECT * FROM `node_info` WHERE `depth` > 1 AND LEFT(id,2) = '01' AND `status` = 0  [ RunTime:0.0004s ]
NOTIC: [8] Undefined variable: arr D:\wamp\www\microweb\Application\Admin\Controller\BaseController.class.php 第 64 行.
SQL: SHOW COLUMNS FROM `admin_info` [ RunTime:0.0044s ]
SQL: SELECT COUNT(*) AS tp_count FROM `admin_info` WHERE ( status=0 ) LIMIT 1   [ RunTime:0.0004s ]
SQL: SHOW COLUMNS FROM `user_info` [ RunTime:0.0042s ]
SQL: SELECT COUNT(*) AS tp_count FROM `user_info` WHERE ( status=0 ) LIMIT 1   [ RunTime:0.0003s ]
SQL: SHOW COLUMNS FROM `site_info` [ RunTime:0.0039s ]
SQL: SELECT COUNT(*) AS tp_count FROM `site_info` WHERE ( status=0 ) LIMIT 1   [ RunTime:0.0003s ]
SQL: SHOW COLUMNS FROM `article` [ RunTime:0.0035s ]
SQL: SELECT COUNT(*) AS tp_count FROM `article` WHERE ( status=0 ) LIMIT 1   [ RunTime:0.0004s ]
SQL: SHOW COLUMNS FROM `controller` [ RunTime:0.0039s ]
SQL: SELECT COUNT(*) AS tp_count FROM `controller` WHERE ( status=0 ) LIMIT 1   [ RunTime:0.0003s ]
INFO: [ view_parse ] --START--
INFO: [ template_filter ] --START--
INFO: Run Behavior\ContentReplaceBehavior [ RunTime:0.000272s ]
INFO: [ template_filter ] --END-- [ RunTime:0.000430s ]
NOTIC: [8] Use of undefined constant ONETHINK_VERSION - assumed 'ONETHINK_VERSION' D:\wamp\www\microweb\Application\Runtime\Cache\Admin\b595b808c2ebeeeb0478ffc30bb4e87a.php 第 234 行.
INFO: Run Behavior\ParseTemplateBehavior [ RunTime:0.020508s ]
INFO: [ view_parse ] --END-- [ RunTime:0.020653s ]
INFO: [ view_filter ] --START--
INFO: Run Behavior\WriteHtmlCacheBehavior [ RunTime:0.000606s ]
INFO: [ view_filter ] --END-- [ RunTime:0.000718s ]
INFO: [ app_end ] --START--
INFO: Run Behavior\ShowPageTraceBehavior [ RunTime:0.001067s ]
INFO: [ app_end ] --END-- [ RunTime:0.001256s ]

[ 2015-10-24T10:09:31+08:00 ] ::1 /microweb/index.php/admin
INFO: [ app_init ] --START--
INFO: Run Behavior\BuildLiteBehavior [ RunTime:0.000029s ]
INFO: [ app_init ] --END-- [ RunTime:0.000568s ]
INFO: [ app_begin ] --START--
INFO: Run Behavior\ReadHtmlCacheBehavior [ RunTime:0.000677s ]
INFO: [ app_begin ] --END-- [ RunTime:0.000807s ]

[ 2015-10-24T10:09:31+08:00 ] ::1 /microweb/index.php/Admin/Public/login
INFO: [ app_init ] --START--
INFO: Run Behavior\BuildLiteBehavior [ RunTime:0.000025s ]
INFO: [ app_init ] --END-- [ RunTime:0.000565s ]
INFO: [ app_begin ] --START--
INFO: Run Behavior\ReadHtmlCacheBehavior [ RunTime:0.000569s ]
INFO: [ app_begin ] --END-- [ RunTime:0.000676s ]
INFO: [ view_parse ] --START--
INFO: [ template_filter ] --START--
INFO: Run Behavior\ContentReplaceBehavior [ RunTime:0.000088s ]
INFO: [ template_filter ] --END-- [ RunTime:0.000196s ]
INFO: Run Behavior\ParseTemplateBehavior [ RunTime:0.006305s ]
INFO: [ view_parse ] --END-- [ RunTime:0.006411s ]
INFO: [ view_filter ] --START--
INFO: Run Behavior\WriteHtmlCacheBehavior [ RunTime:0.000448s ]
INFO: [ view_filter ] --END-- [ RunTime:0.000543s ]
INFO: [ app_end ] --START--
INFO: Run Behavior\ShowPageTraceBehavior [ RunTime:0.000610s ]
INFO: [ app_end ] --END-- [ RunTime:0.000707s ]

[ 2015-10-24T10:09:31+08:00 ] ::1 /microweb/index.php/Admin/Public/verify
INFO: [ app_init ] --START--
INFO: Run Behavior\BuildLiteBehavior [ RunTime:0.000025s ]
INFO: [ app_init ] --END-- [ RunTime:0.000482s ]
INFO: [ app_begin ] --START--
INFO: Run Behavior\ReadHtmlCacheBehavior [ RunTime:0.000868s ]
INFO: [ app_begin ] --END-- [ RunTime:0.001057s ]
INFO: [ app_end ] --START--
INFO: Run Behavior\ShowPageTraceBehavior [ RunTime:0.001028s ]
INFO: [ app_end ] --END-- [ RunTime:0.001190s ]

